# JRE version: Java(TM) SE Runtime Environment (19.0.2+7) (build 19.0.2+7-44)
# Java VM: Java HotSpot(TM) 64-Bit Server VM (19.0.2+7-44, mixed mode, sharing, tiered, compressed oops, compressed class ptrs, g1 gc, windows-amd64)
GC Precious Log:
 CardTable entry size: 512
 Card Set container configuration: InlinePtr #cards 5 size 8 Array Of Cards #cards 12 size 40 Howl #buckets 4 coarsen threshold 1843 Howl Bitmap #cards 512 size 80 coarsen threshold 460 Card regions per heap region 1 cards per card region 2048
 CPUs: 4 total, 4 available
 Memory: 7934M
 Large Page Support: Disabled
 NUMA Support: Disabled
 Compressed Oops: Enabled (32-bit)
 Heap Region Size: 1M
 Heap Min Capacity: 8M
 Heap Initial Capacity: 124M
 Heap Max Capacity: 2G
 Pre-touch: Disabled
 Parallel Workers: 4
 Concurrent Workers: 1
 Concurrent Refinement Workers: 4
 Periodic GC: Disabled
Heap:
 garbage-first heap   total 433152K, used 164354K [0x0000000080000000, 0x0000000100000000)
  region size 1024K, 2 young (2048K), 2 survivors (2048K)
 Metaspace       used 137356K, committed 141312K, reserved 1179648K
  class space    used 17482K, committed 19200K, reserved 1048576K
GC Heap History (20 events):
Event: 2514.197 GC heap after
{Heap after GC invocations=76 (full 0):
 garbage-first heap   total 293888K, used 222685K [0x0000000080000000, 0x0000000100000000)
  region size 1024K, 4 young (4096K), 4 survivors (4096K)
 Metaspace       used 137677K, committed 140160K, reserved 1179648K
  class space    used 17881K, committed 19200K, reserved 1048576K
}
Event: 2514.736 GC heap before
{Heap before GC invocations=76 (full 0):
 garbage-first heap   total 293888K, used 252381K [0x0000000080000000, 0x0000000100000000)
  region size 1024K, 34 young (34816K), 4 survivors (4096K)
 Metaspace       used 137955K, committed 140416K, reserved 1179648K
  class space    used 17882K, committed 19200K, reserved 1048576K
}
Event: 2514.751 GC heap after
{Heap after GC invocations=77 (full 0):
 garbage-first heap   total 293888K, used 222836K [0x0000000080000000, 0x0000000100000000)
  region size 1024K, 1 young (1024K), 1 survivors (1024K)
 Metaspace       used 137955K, committed 140416K, reserved 1179648K
  class space    used 17882K, committed 19200K, reserved 1048576K
}
Event: 2515.087 GC heap before
{Heap before GC invocations=77 (full 0):
 garbage-first heap   total 293888K, used 239220K [0x0000000080000000, 0x0000000100000000)
  region size 1024K, 7 young (7168K), 1 survivors (1024K)
 Metaspace       used 138042K, committed 140544K, reserved 1179648K
  class space    used 17882K, committed 19200K, reserved 1048576K
}
Event: 2515.102 GC heap after
{Heap after GC invocations=78 (full 0):
 garbage-first heap   total 293888K, used 232560K [0x0000000080000000, 0x0000000100000000)
  region size 1024K, 1 young (1024K), 1 survivors (1024K)
 Metaspace       used 138042K, committed 140544K, reserved 1179648K
  class space    used 17882K, committed 19200K, reserved 1048576K
}
Event: 2515.107 GC heap before
{Heap before GC invocations=78 (full 0):
 garbage-first heap   total 293888K, used 234608K [0x0000000080000000, 0x0000000100000000)
  region size 1024K, 2 young (2048K), 1 survivors (1024K)
 Metaspace       used 138042K, committed 140544K, reserved 1179648K
  class space    used 17882K, committed 19200K, reserved 1048576K
}
Event: 2515.113 GC heap after
{Heap after GC invocations=79 (full 0):
 garbage-first heap   total 433152K, used 232425K [0x0000000080000000, 0x0000000100000000)
  region size 1024K, 1 young (1024K), 1 survivors (1024K)
 Metaspace       used 138042K, committed 140544K, reserved 1179648K
  class space    used 17882K, committed 19200K, reserved 1048576K
}
Event: 2515.132 GC heap before
{Heap before GC invocations=79 (full 0):
 garbage-first heap   total 433152K, used 240617K [0x0000000080000000, 0x0000000100000000)
  region size 1024K, 2 young (2048K), 1 survivors (1024K)
 Metaspace       used 138042K, committed 140544K, reserved 1179648K
  class space    used 17882K, committed 19200K, reserved 1048576K
}
Event: 2515.134 GC heap after
{Heap after GC invocations=80 (full 0):
 garbage-first heap   total 433152K, used 232446K [0x0000000080000000, 0x0000000100000000)
  region size 1024K, 1 young (1024K), 1 survivors (1024K)
 Metaspace       used 138042K, committed 140544K, reserved 1179648K
  class space    used 17882K, committed 19200K, reserved 1048576K
}
Event: 2714.896 GC heap before
{Heap before GC invocations=80 (full 0):
 garbage-first heap   total 433152K, used 379902K [0x0000000080000000, 0x0000000100000000)
  region size 1024K, 140 young (143360K), 1 survivors (1024K)
 Metaspace       used 138698K, committed 141120K, reserved 1179648K
  class space    used 17904K, committed 19200K, reserved 1048576K
}
Event: 2714.984 GC heap after
{Heap after GC invocations=81 (full 0):
 garbage-first heap   total 433152K, used 233114K [0x0000000080000000, 0x0000000100000000)
  region size 1024K, 11 young (11264K), 11 survivors (11264K)
 Metaspace       used 138698K, committed 141120K, reserved 1179648K
  class space    used 17904K, committed 19200K, reserved 1048576K
}
Event: 2715.415 GC heap before
{Heap before GC invocations=81 (full 0):
 garbage-first heap   total 433152K, used 267930K [0x0000000080000000, 0x0000000100000000)
  region size 1024K, 23 young (23552K), 11 survivors (11264K)
 Metaspace       used 138844K, committed 141312K, reserved 1179648K
  class space    used 17904K, committed 19200K, reserved 1048576K
}
Event: 2715.484 GC heap after
{Heap after GC invocations=82 (full 0):
 garbage-first heap   total 433152K, used 244318K [0x0000000080000000, 0x0000000100000000)
  region size 1024K, 2 young (2048K), 2 survivors (2048K)
 Metaspace       used 138844K, committed 141312K, reserved 1179648K
  class space    used 17904K, committed 19200K, reserved 1048576K
}
Event: 2715.487 GC heap before
{Heap before GC invocations=82 (full 0):
 garbage-first heap   total 433152K, used 246366K [0x0000000080000000, 0x0000000100000000)
  region size 1024K, 3 young (3072K), 2 survivors (2048K)
 Metaspace       used 138844K, committed 141312K, reserved 1179648K
  class space    used 17904K, committed 19200K, reserved 1048576K
}
Event: 2715.490 GC heap after
{Heap after GC invocations=83 (full 0):
 garbage-first heap   total 433152K, used 243217K [0x0000000080000000, 0x0000000100000000)
  region size 1024K, 1 young (1024K), 1 survivors (1024K)
 Metaspace       used 138844K, committed 141312K, reserved 1179648K
  class space    used 17904K, committed 19200K, reserved 1048576K
}
Event: 2996.144 GC heap before
{Heap before GC invocations=84 (full 0):
 garbage-first heap   total 433152K, used 354833K [0x0000000080000000, 0x0000000100000000)
  region size 1024K, 128 young (131072K), 1 survivors (1024K)
 Metaspace       used 136861K, committed 141312K, reserved 1179648K
  class space    used 17433K, committed 19200K, reserved 1048576K
}
Event: 2996.434 GC heap after
{Heap after GC invocations=85 (full 0):
 garbage-first heap   total 433152K, used 224804K [0x0000000080000000, 0x0000000100000000)
  region size 1024K, 12 young (12288K), 12 survivors (12288K)
 Metaspace       used 136861K, committed 141312K, reserved 1179648K
  class space    used 17433K, committed 19200K, reserved 1048576K
}
Event: 2996.589 GC heap before
{Heap before GC invocations=85 (full 0):
 garbage-first heap   total 433152K, used 234020K [0x0000000080000000, 0x0000000100000000)
  region size 1024K, 21 young (21504K), 12 survivors (12288K)
 Metaspace       used 136930K, committed 141312K, reserved 1179648K
  class space    used 17441K, committed 19200K, reserved 1048576K
}
Event: 2996.706 GC heap after
{Heap after GC invocations=86 (full 0):
 garbage-first heap   total 433152K, used 183705K [0x0000000080000000, 0x0000000100000000)
  region size 1024K, 2 young (2048K), 2 survivors (2048K)
 Metaspace       used 136930K, committed 141312K, reserved 1179648K
  class space    used 17441K, committed 19200K, reserved 1048576K
}
Event: 2997.124 GC heap before
{Heap before GC invocations=86 (full 0):
 garbage-first heap   total 433152K, used 202137K [0x0000000080000000, 0x0000000100000000)
  region size 1024K, 21 young (21504K), 2 survivors (2048K)
 Metaspace       used 137356K, committed 141312K, reserved 1179648K
  class space    used 17482K, committed 19200K, reserved 1048576K
}

