# JRE version: Java(TM) SE Runtime Environment (19.0.2+7) (build 19.0.2+7-44)
# Java VM: Java HotSpot(TM) 64-Bit Server VM (19.0.2+7-44, mixed mode, sharing, tiered, compressed oops, compressed class ptrs, g1 gc, windows-amd64)
GC Precious Log:
 CardTable entry size: 512
 Card Set container configuration: InlinePtr #cards 5 size 8 Array Of Cards #cards 12 size 40 Howl #buckets 4 coarsen threshold 1843 Howl Bitmap #cards 512 size 80 coarsen threshold 460 Card regions per heap region 1 cards per card region 2048
 CPUs: 4 total, 4 available
 Memory: 7934M
 Large Page Support: Disabled
 NUMA Support: Disabled
 Compressed Oops: Enabled (32-bit)
 Heap Region Size: 1M
 Heap Min Capacity: 8M
 Heap Initial Capacity: 124M
 Heap Max Capacity: 2G
 Pre-touch: Disabled
 Parallel Workers: 4
 Concurrent Workers: 1
 Concurrent Refinement Workers: 4
 Periodic GC: Disabled
Heap:
 garbage-first heap   total 232448K, used 135094K [0x0000000080000000, 0x0000000100000000)
  region size 1024K, 50 young (51200K), 10 survivors (10240K)
 Metaspace       used 90409K, committed 92480K, reserved 1179648K
  class space    used 12272K, committed 13376K, reserved 1048576K
GC Heap History (20 events):
Event: 40.845 GC heap before
{Heap before GC invocations=20 (full 0):
 garbage-first heap   total 94208K, used 74835K [0x0000000080000000, 0x0000000100000000)
  region size 1024K, 10 young (10240K), 1 survivors (1024K)
 Metaspace       used 57687K, committed 59328K, reserved 1114112K
  class space    used 7921K, committed 8768K, reserved 1048576K
}
Event: 40.847 GC heap after
{Heap after GC invocations=21 (full 0):
 garbage-first heap   total 94208K, used 67828K [0x0000000080000000, 0x0000000100000000)
  region size 1024K, 1 young (1024K), 1 survivors (1024K)
 Metaspace       used 57687K, committed 59328K, reserved 1114112K
  class space    used 7921K, committed 8768K, reserved 1048576K
}
Event: 41.017 GC heap before
{Heap before GC invocations=22 (full 0):
 garbage-first heap   total 122880K, used 78068K [0x0000000080000000, 0x0000000100000000)
  region size 1024K, 10 young (10240K), 1 survivors (1024K)
 Metaspace       used 58379K, committed 60096K, reserved 1114112K
  class space    used 8010K, committed 8896K, reserved 1048576K
}
Event: 41.019 GC heap after
{Heap after GC invocations=23 (full 0):
 garbage-first heap   total 122880K, used 69091K [0x0000000080000000, 0x0000000100000000)
  region size 1024K, 1 young (1024K), 1 survivors (1024K)
 Metaspace       used 58379K, committed 60096K, reserved 1114112K
  class space    used 8010K, committed 8896K, reserved 1048576K
}
Event: 41.102 GC heap before
{Heap before GC invocations=23 (full 0):
 garbage-first heap   total 122880K, used 74211K [0x0000000080000000, 0x0000000100000000)
  region size 1024K, 6 young (6144K), 1 survivors (1024K)
 Metaspace       used 58812K, committed 60480K, reserved 1114112K
  class space    used 8066K, committed 8960K, reserved 1048576K
}
Event: 41.105 GC heap after
{Heap after GC invocations=24 (full 0):
 garbage-first heap   total 122880K, used 68069K [0x0000000080000000, 0x0000000100000000)
  region size 1024K, 1 young (1024K), 1 survivors (1024K)
 Metaspace       used 58812K, committed 60480K, reserved 1114112K
  class space    used 8066K, committed 8960K, reserved 1048576K
}
Event: 42.069 GC heap before
{Heap before GC invocations=24 (full 0):
 garbage-first heap   total 122880K, used 93669K [0x0000000080000000, 0x0000000100000000)
  region size 1024K, 27 young (27648K), 1 survivors (1024K)
 Metaspace       used 61301K, committed 63040K, reserved 1114112K
  class space    used 8326K, committed 9216K, reserved 1048576K
}
Event: 42.074 GC heap after
{Heap after GC invocations=25 (full 0):
 garbage-first heap   total 122880K, used 68768K [0x0000000080000000, 0x0000000100000000)
  region size 1024K, 2 young (2048K), 2 survivors (2048K)
 Metaspace       used 61301K, committed 63040K, reserved 1114112K
  class space    used 8326K, committed 9216K, reserved 1048576K
}
Event: 42.800 GC heap before
{Heap before GC invocations=26 (full 0):
 garbage-first heap   total 122880K, used 96416K [0x0000000080000000, 0x0000000100000000)
  region size 1024K, 29 young (29696K), 2 survivors (2048K)
 Metaspace       used 64148K, committed 65920K, reserved 1114112K
  class space    used 8605K, committed 9536K, reserved 1048576K
}
Event: 42.805 GC heap after
{Heap after GC invocations=27 (full 0):
 garbage-first heap   total 122880K, used 69541K [0x0000000080000000, 0x0000000100000000)
  region size 1024K, 2 young (2048K), 2 survivors (2048K)
 Metaspace       used 64148K, committed 65920K, reserved 1114112K
  class space    used 8605K, committed 9536K, reserved 1048576K
}
Event: 42.915 GC heap before
{Heap before GC invocations=27 (full 0):
 garbage-first heap   total 122880K, used 73637K [0x0000000080000000, 0x0000000100000000)
  region size 1024K, 6 young (6144K), 2 survivors (2048K)
 Metaspace       used 64493K, committed 66240K, reserved 1114112K
  class space    used 8650K, committed 9600K, reserved 1048576K
}
Event: 42.922 GC heap after
{Heap after GC invocations=28 (full 0):
 garbage-first heap   total 122880K, used 68920K [0x0000000080000000, 0x0000000100000000)
  region size 1024K, 1 young (1024K), 1 survivors (1024K)
 Metaspace       used 64493K, committed 66240K, reserved 1114112K
  class space    used 8650K, committed 9600K, reserved 1048576K
}
Event: 47.114 GC heap before
{Heap before GC invocations=28 (full 0):
 garbage-first heap   total 122880K, used 101688K [0x0000000080000000, 0x0000000100000000)
  region size 1024K, 30 young (30720K), 1 survivors (1024K)
 Metaspace       used 66781K, committed 68608K, reserved 1114112K
  class space    used 9014K, committed 9984K, reserved 1048576K
}
Event: 47.128 GC heap after
{Heap after GC invocations=29 (full 0):
 garbage-first heap   total 232448K, used 76504K [0x0000000080000000, 0x0000000100000000)
  region size 1024K, 4 young (4096K), 4 survivors (4096K)
 Metaspace       used 66781K, committed 68608K, reserved 1114112K
  class space    used 9014K, committed 9984K, reserved 1048576K
}
Event: 53.270 GC heap before
{Heap before GC invocations=29 (full 0):
 garbage-first heap   total 232448K, used 177880K [0x0000000080000000, 0x0000000100000000)
  region size 1024K, 99 young (101376K), 4 survivors (4096K)
 Metaspace       used 74774K, committed 76608K, reserved 1179648K
  class space    used 10034K, committed 11008K, reserved 1048576K
}
Event: 53.282 GC heap after
{Heap after GC invocations=30 (full 0):
 garbage-first heap   total 232448K, used 84998K [0x0000000080000000, 0x0000000100000000)
  region size 1024K, 10 young (10240K), 10 survivors (10240K)
 Metaspace       used 74774K, committed 76608K, reserved 1179648K
  class space    used 10034K, committed 11008K, reserved 1048576K
}
Event: 56.592 GC heap before
{Heap before GC invocations=30 (full 0):
 garbage-first heap   total 232448K, used 178182K [0x0000000080000000, 0x0000000100000000)
  region size 1024K, 101 young (103424K), 10 survivors (10240K)
 Metaspace       used 81108K, committed 83008K, reserved 1179648K
  class space    used 10822K, committed 11840K, reserved 1048576K
}
Event: 56.607 GC heap after
{Heap after GC invocations=31 (full 0):
 garbage-first heap   total 232448K, used 91474K [0x0000000080000000, 0x0000000100000000)
  region size 1024K, 13 young (13312K), 13 survivors (13312K)
 Metaspace       used 81108K, committed 83008K, reserved 1179648K
  class space    used 10822K, committed 11840K, reserved 1048576K
}
Event: 59.462 GC heap before
{Heap before GC invocations=31 (full 0):
 garbage-first heap   total 232448K, used 182610K [0x0000000080000000, 0x0000000100000000)
  region size 1024K, 102 young (104448K), 13 survivors (13312K)
 Metaspace       used 87597K, committed 89600K, reserved 1179648K
  class space    used 11875K, committed 12928K, reserved 1048576K
}
Event: 59.483 GC heap after
{Heap after GC invocations=32 (full 0):
 garbage-first heap   total 232448K, used 95158K [0x0000000080000000, 0x0000000100000000)
  region size 1024K, 10 young (10240K), 10 survivors (10240K)
 Metaspace       used 87597K, committed 89600K, reserved 1179648K
  class space    used 11875K, committed 12928K, reserved 1048576K
}

