# JRE version: Java(TM) SE Runtime Environment (19.0.2+7) (build 19.0.2+7-44)
# Java VM: Java HotSpot(TM) 64-Bit Server VM (19.0.2+7-44, mixed mode, sharing, tiered, compressed oops, compressed class ptrs, g1 gc, windows-amd64)
GC Precious Log:
 CardTable entry size: 512
 Card Set container configuration: InlinePtr #cards 5 size 8 Array Of Cards #cards 12 size 40 Howl #buckets 4 coarsen threshold 1843 Howl Bitmap #cards 512 size 80 coarsen threshold 460 Card regions per heap region 1 cards per card region 2048
 CPUs: 4 total, 4 available
 Memory: 7934M
 Large Page Support: Disabled
 NUMA Support: Disabled
 Compressed Oops: Enabled (32-bit)
 Heap Region Size: 1M
 Heap Min Capacity: 8M
 Heap Initial Capacity: 124M
 Heap Max Capacity: 2G
 Pre-touch: Disabled
 Parallel Workers: 4
 Concurrent Workers: 1
 Concurrent Refinement Workers: 4
 Periodic GC: Disabled
Heap:
 garbage-first heap   total 87040K, used 85928K [0x0000000080000000, 0x0000000100000000)
  region size 1024K, 62 young (63488K), 1 survivors (1024K)
 Metaspace       used 29177K, committed 30336K, reserved 1114112K
  class space    used 4265K, committed 4864K, reserved 1048576K
GC Heap History (11 events):
Event: 1.482 GC heap before
{Heap before GC invocations=0 (full 0):
 garbage-first heap   total 126976K, used 13312K [0x0000000080000000, 0x0000000100000000)
  region size 1024K, 13 young (13312K), 0 survivors (0K)
 Metaspace       used 1014K, committed 1152K, reserved 1114112K
  class space    used 76K, committed 128K, reserved 1048576K
}
Event: 1.491 GC heap after
{Heap after GC invocations=1 (full 0):
 garbage-first heap   total 126976K, used 2696K [0x0000000080000000, 0x0000000100000000)
  region size 1024K, 2 young (2048K), 2 survivors (2048K)
 Metaspace       used 1014K, committed 1152K, reserved 1114112K
  class space    used 76K, committed 128K, reserved 1048576K
}
Event: 3.873 GC heap before
{Heap before GC invocations=1 (full 0):
 garbage-first heap   total 126976K, used 23176K [0x0000000080000000, 0x0000000100000000)
  region size 1024K, 19 young (19456K), 2 survivors (2048K)
 Metaspace       used 4011K, committed 4224K, reserved 1114112K
  class space    used 483K, committed 576K, reserved 1048576K
}
Event: 3.880 GC heap after
{Heap after GC invocations=2 (full 0):
 garbage-first heap   total 126976K, used 10550K [0x0000000080000000, 0x0000000100000000)
  region size 1024K, 3 young (3072K), 3 survivors (3072K)
 Metaspace       used 4011K, committed 4224K, reserved 1114112K
  class space    used 483K, committed 576K, reserved 1048576K
}
Event: 4.560 GC heap before
{Heap before GC invocations=2 (full 0):
 garbage-first heap   total 126976K, used 33078K [0x0000000080000000, 0x0000000100000000)
  region size 1024K, 25 young (25600K), 3 survivors (3072K)
 Metaspace       used 4091K, committed 4288K, reserved 1114112K
  class space    used 484K, committed 576K, reserved 1048576K
}
Event: 4.564 GC heap after
{Heap after GC invocations=3 (full 0):
 garbage-first heap   total 126976K, used 11071K [0x0000000080000000, 0x0000000100000000)
  region size 1024K, 1 young (1024K), 1 survivors (1024K)
 Metaspace       used 4091K, committed 4288K, reserved 1114112K
  class space    used 484K, committed 576K, reserved 1048576K
}
Event: 8.823 GC heap before
{Heap before GC invocations=3 (full 0):
 garbage-first heap   total 126976K, used 85823K [0x0000000080000000, 0x0000000100000000)
  region size 1024K, 74 young (75776K), 1 survivors (1024K)
 Metaspace       used 16606K, committed 17152K, reserved 1114112K
  class space    used 2248K, committed 2496K, reserved 1048576K
}
Event: 8.835 GC heap after
{Heap after GC invocations=4 (full 0):
 garbage-first heap   total 126976K, used 20346K [0x0000000080000000, 0x0000000100000000)
  region size 1024K, 10 young (10240K), 10 survivors (10240K)
 Metaspace       used 16606K, committed 17152K, reserved 1114112K
  class space    used 2248K, committed 2496K, reserved 1048576K
}
Event: 10.460 GC heap before
{Heap before GC invocations=4 (full 0):
 garbage-first heap   total 126976K, used 53114K [0x0000000080000000, 0x0000000100000000)
  region size 1024K, 43 young (44032K), 10 survivors (10240K)
 Metaspace       used 20890K, committed 21504K, reserved 1114112K
  class space    used 2951K, committed 3264K, reserved 1048576K
}
Event: 10.509 GC heap after
{Heap after GC invocations=5 (full 0):
 garbage-first heap   total 126976K, used 23464K [0x0000000080000000, 0x0000000100000000)
  region size 1024K, 3 young (3072K), 3 survivors (3072K)
 Metaspace       used 20890K, committed 21504K, reserved 1114112K
  class space    used 2951K, committed 3264K, reserved 1048576K
}
Event: 17.500 GC heap before
{Heap before GC invocations=6 (full 0):
 garbage-first heap   total 86016K, used 85928K [0x0000000080000000, 0x0000000100000000)
  region size 1024K, 64 young (65536K), 3 survivors (3072K)
 Metaspace       used 29177K, committed 30336K, reserved 1114112K
  class space    used 4265K, committed 4864K, reserved 1048576K
}

