# JRE version: Java(TM) SE Runtime Environment (19.0.2+7) (build 19.0.2+7-44)
# Java VM: Java HotSpot(TM) 64-Bit Server VM (19.0.2+7-44, mixed mode, sharing, tiered, compressed oops, compressed class ptrs, g1 gc, windows-amd64)
GC Precious Log:
 CardTable entry size: 512
 Card Set container configuration: InlinePtr #cards 5 size 8 Array Of Cards #cards 12 size 40 Howl #buckets 4 coarsen threshold 1843 Howl Bitmap #cards 512 size 80 coarsen threshold 460 Card regions per heap region 1 cards per card region 2048
 CPUs: 4 total, 4 available
 Memory: 7934M
 Large Page Support: Disabled
 NUMA Support: Disabled
 Compressed Oops: Enabled (32-bit)
 Heap Region Size: 1M
 Heap Min Capacity: 8M
 Heap Initial Capacity: 124M
 Heap Max Capacity: 2G
 Pre-touch: Disabled
 Parallel Workers: 4
 Concurrent Workers: 1
 Concurrent Refinement Workers: 4
 Periodic GC: Disabled
Heap:
 garbage-first heap   total 81920K, used 41299K [0x0000000080000000, 0x0000000100000000)
  region size 1024K, 17 young (17408K), 4 survivors (4096K)
 Metaspace       used 33704K, committed 34880K, reserved 1114112K
  class space    used 4687K, committed 5312K, reserved 1048576K
GC Heap History (16 events):
Event: 1.146 GC heap before
{Heap before GC invocations=0 (full 0):
 garbage-first heap   total 126976K, used 13312K [0x0000000080000000, 0x0000000100000000)
  region size 1024K, 13 young (13312K), 0 survivors (0K)
 Metaspace       used 1007K, committed 1152K, reserved 1114112K
  class space    used 76K, committed 128K, reserved 1048576K
}
Event: 1.154 GC heap after
{Heap after GC invocations=1 (full 0):
 garbage-first heap   total 126976K, used 2637K [0x0000000080000000, 0x0000000100000000)
  region size 1024K, 2 young (2048K), 2 survivors (2048K)
 Metaspace       used 1007K, committed 1152K, reserved 1114112K
  class space    used 76K, committed 128K, reserved 1048576K
}
Event: 2.660 GC heap before
{Heap before GC invocations=1 (full 0):
 garbage-first heap   total 126976K, used 23117K [0x0000000080000000, 0x0000000100000000)
  region size 1024K, 19 young (19456K), 2 survivors (2048K)
 Metaspace       used 4012K, committed 4224K, reserved 1114112K
  class space    used 483K, committed 576K, reserved 1048576K
}
Event: 2.666 GC heap after
{Heap after GC invocations=2 (full 0):
 garbage-first heap   total 126976K, used 10708K [0x0000000080000000, 0x0000000100000000)
  region size 1024K, 3 young (3072K), 3 survivors (3072K)
 Metaspace       used 4012K, committed 4224K, reserved 1114112K
  class space    used 483K, committed 576K, reserved 1048576K
}
Event: 3.337 GC heap before
{Heap before GC invocations=2 (full 0):
 garbage-first heap   total 126976K, used 33236K [0x0000000080000000, 0x0000000100000000)
  region size 1024K, 25 young (25600K), 3 survivors (3072K)
 Metaspace       used 4094K, committed 4288K, reserved 1114112K
  class space    used 485K, committed 576K, reserved 1048576K
}
Event: 3.341 GC heap after
{Heap after GC invocations=3 (full 0):
 garbage-first heap   total 126976K, used 11362K [0x0000000080000000, 0x0000000100000000)
  region size 1024K, 1 young (1024K), 1 survivors (1024K)
 Metaspace       used 4094K, committed 4288K, reserved 1114112K
  class space    used 485K, committed 576K, reserved 1048576K
}
Event: 7.755 GC heap before
{Heap before GC invocations=3 (full 0):
 garbage-first heap   total 126976K, used 86114K [0x0000000080000000, 0x0000000100000000)
  region size 1024K, 74 young (75776K), 1 survivors (1024K)
 Metaspace       used 16608K, committed 17088K, reserved 1114112K
  class space    used 2250K, committed 2496K, reserved 1048576K
}
Event: 7.767 GC heap after
{Heap after GC invocations=4 (full 0):
 garbage-first heap   total 126976K, used 20429K [0x0000000080000000, 0x0000000100000000)
  region size 1024K, 10 young (10240K), 10 survivors (10240K)
 Metaspace       used 16608K, committed 17088K, reserved 1114112K
  class space    used 2250K, committed 2496K, reserved 1048576K
}
Event: 9.086 GC heap before
{Heap before GC invocations=4 (full 0):
 garbage-first heap   total 126976K, used 53197K [0x0000000080000000, 0x0000000100000000)
  region size 1024K, 43 young (44032K), 10 survivors (10240K)
 Metaspace       used 20896K, committed 21504K, reserved 1114112K
  class space    used 2959K, committed 3264K, reserved 1048576K
}
Event: 9.097 GC heap after
{Heap after GC invocations=5 (full 0):
 garbage-first heap   total 126976K, used 23110K [0x0000000080000000, 0x0000000100000000)
  region size 1024K, 3 young (3072K), 3 survivors (3072K)
 Metaspace       used 20896K, committed 21504K, reserved 1114112K
  class space    used 2959K, committed 3264K, reserved 1048576K
}
Event: 10.807 GC heap before
{Heap before GC invocations=6 (full 0):
 garbage-first heap   total 81920K, used 68166K [0x0000000080000000, 0x0000000100000000)
  region size 1024K, 48 young (49152K), 3 survivors (3072K)
 Metaspace       used 26763K, committed 27840K, reserved 1114112K
  class space    used 3929K, committed 4480K, reserved 1048576K
}
Event: 10.816 GC heap after
{Heap after GC invocations=7 (full 0):
 garbage-first heap   total 81920K, used 25029K [0x0000000080000000, 0x0000000100000000)
  region size 1024K, 5 young (5120K), 5 survivors (5120K)
 Metaspace       used 26763K, committed 27840K, reserved 1114112K
  class space    used 3929K, committed 4480K, reserved 1048576K
}
Event: 10.822 GC heap before
{Heap before GC invocations=7 (full 0):
 garbage-first heap   total 81920K, used 26053K [0x0000000080000000, 0x0000000100000000)
  region size 1024K, 6 young (6144K), 5 survivors (5120K)
 Metaspace       used 26823K, committed 27968K, reserved 1114112K
  class space    used 3938K, committed 4544K, reserved 1048576K
}
Event: 10.830 GC heap after
{Heap after GC invocations=8 (full 0):
 garbage-first heap   total 81920K, used 25345K [0x0000000080000000, 0x0000000100000000)
  region size 1024K, 1 young (1024K), 1 survivors (1024K)
 Metaspace       used 26823K, committed 27968K, reserved 1114112K
  class space    used 3938K, committed 4544K, reserved 1048576K
}
Event: 11.915 GC heap before
{Heap before GC invocations=8 (full 0):
 garbage-first heap   total 81920K, used 61185K [0x0000000080000000, 0x0000000100000000)
  region size 1024K, 37 young (37888K), 1 survivors (1024K)
 Metaspace       used 33498K, committed 34752K, reserved 1114112K
  class space    used 4661K, committed 5312K, reserved 1048576K
}
Event: 11.921 GC heap after
{Heap after GC invocations=9 (full 0):
 garbage-first heap   total 81920K, used 29011K [0x0000000080000000, 0x0000000100000000)
  region size 1024K, 4 young (4096K), 4 survivors (4096K)
 Metaspace       used 33498K, committed 34752K, reserved 1114112K
  class space    used 4661K, committed 5312K, reserved 1048576K
}

